<?xml version="1.0" encoding="UTF-8"?>
<!-- Generated by org.testng.reporters.JUnitReportReporter -->
<testsuite hostname="meeshans-MacBook-Air.local" failures="0" tests="1" name="com.crm.pomFile.registerPage" time="12.065" errors="0" timestamp="2024-05-28T12:30:13 IST" skipped="0">
  <testcase classname="com.crm.pomFile.registerPage" name="register" time="12.065"/>
</testsuite> <!-- com.crm.pomFile.registerPage -->
