<?xml version="1.0" encoding="UTF-8"?>
<!-- Generated by org.testng.reporters.JUnitReportReporter -->
<testsuite hostname="meeshans-MacBook-Air.local" failures="0" tests="1" name="com.crm.pomFile.addtoCart1" time="19.124" errors="0" timestamp="2024-05-28T12:41:22 IST" skipped="0">
  <testcase classname="com.crm.pomFile.addtoCart1" name="addTocart" time="19.124"/>
</testsuite> <!-- com.crm.pomFile.addtoCart1 -->
