<?xml version="1.0" encoding="UTF-8"?>
<!-- Generated by org.testng.reporters.JUnitReportReporter -->
<testsuite hostname="meeshans-MacBook-Air.local" failures="0" tests="1" name="ExtendReport.launchTheReport" time="0.827" errors="0" timestamp="2024-05-30T09:56:33 IST" skipped="0">
  <testcase classname="ExtendReport.launchTheReport" name="launchTheReport" time="0.827"/>
</testsuite> <!-- ExtendReport.launchTheReport -->
