<?xml version="1.0" encoding="UTF-8"?>
<!-- Generated by org.testng.reporters.JUnitReportReporter -->
<testsuite hostname="meeshans-MacBook-Air.local" failures="0" tests="1" name="com.crm.pomFile.logindemo" time="16.197" errors="0" timestamp="2024-05-28T10:42:25 IST" skipped="0">
  <testcase classname="com.crm.pomFile.logindemo" name="logindemo" time="16.197"/>
</testsuite> <!-- com.crm.pomFile.logindemo -->
